
ROM used:   1244/175104 (1%)
            1244/175104 (1%) including unused fragments

            1.0 Average locations per line
            33.6 Average locations per statement

RAM used:   192/16294 (1%) at main() level
            198/16294 (1%) worst case

Stack used: 52 worst case (0 in main + 52 for interrupts)
Stack size: 144

Lines Stmts  %   Files
----- ----- ---  -----
  121    37 100  Main.c
 1071     0   0  ..\..\..\..\..\Program Files (x86)\PICC\devices\33FJ256GP510.h
----- -----
 1192    37 Total

Page ROM  %  RAM    Vol Diff  Functions:
---- --- --- ---    --- ----  ----------
0     44   2    6             @SPI_XFER_IN_1
0    202   8   58             @DIVFF
0    158   6    1    635  5.7  spi2_slave_isr
0     82   3    1     82  2.0  timer1_isr
0     58   2  128             @ITOF
0    188   8    1    417  3.8  MAIN
 Inline         0             @cinit1

Program metrics:
    Functions               3
    Statements              37
    Comments                167
    Volume (V)              1423
    Difficulty (D)          11.2
    Effort to implement (E) 15975
    Time to implement (T)   15 minutes
    Est Delivered Bugs (B)  0
    Cyclomatic Complexity   3
    Maintainability (MI)    56

 Segment     Used  Free
-----------  ----  ----
00000-00002     4  0  
00004-001FE   508  0  
00200-0FFFE   732  64292  
10000-1FFFE     0  65536  
20000-2ABFE     0  44032  



