
ROM used:   2106/175104 (1%)
            2106/175104 (1%) including unused fragments

            1.7 Average locations per line
            38.3 Average locations per statement

RAM used:   173/16384 (1%) at main() level
            322/16384 (2%) worst case

Stack used: 62 worst case (20 in main + 42 for interrupts)
Stack size: 128

Lines Stmts  %   Files
----- ----- ---  -----
  143    55 100  Main.c
 1071     0   0  ..\..\..\Program Files (x86)\PICC\devices\33FJ256GP510.h
----- -----
 1214    55 Total

Page ROM  %  RAM    Vol Diff  Functions:
---- --- --- ---    --- ----  ----------
0     44   1    6             @SPI_XFER_IN_1
0    196   5   59             @MULFF
0    262   6    1    816  6.6  spi2_slave_isr
0    126   3   20    400  6.5  LP_Filter
0     58   1  127             @ITOF
0    426  10   59             @ADDFF
0     44   1   61             @SFTOI
0    260   6    0    542  5.3  MAIN
0     74   2  127             @SITOF
0    104   2   58             @FLT
 Inline         0             @cinit1

Program metrics:
    Functions               3
    Statements              55
    Comments                175
    Volume (V)              2240
    Difficulty (D)          17.3
    Effort to implement (E) 38665
    Time to implement (T)   36 minutes
    Est Delivered Bugs (B)  0
    Cyclomatic Complexity   15
    Maintainability (MI)    55

 Segment     Used  Free
-----------  ----  ----
00000-00002     4  0  
00004-001FE   508  0  
00200-0FFFE  1594  63430  
10000-1FFFE     0  65536  
20000-2ABFE     0  44032  



